
----------------------------------
Using stored unhandled routes!.
   To discover new routes in the angular app use "[33mnpm run scully -- --scanRoutes[39m"
----------------------------------

----------------------------------
Using stored unhandled routes!.
   To discover new routes in the angular app use "[33mnpm run scully -- --scanRoutes[39m"
----------------------------------

----------------------------------
Using stored unhandled routes!.
   To discover new routes in the angular app use "[33mnpm run scully -- --scanRoutes[39m"
----------------------------------

----------------------------------
Using stored unhandled routes!.
   To discover new routes in the angular app use "[33mnpm run scully -- --scanRoutes[39m"
----------------------------------

----------------------------------
Using stored unhandled routes!.
   To discover new routes in the angular app use "[33mnpm run scully -- --scanRoutes[39m"
---------------------------------- The router plugin "[33mcontentFolder[39m has thrown the below error,
              while trying to render route "[33munknown[39m"
              Scully will exitYAMLException: can not read a block mapping entry; a multiline key may not be an implicit key at line 5, column 10:
    published: true
             ^



----------------------------------
Using stored unhandled routes!.
   To discover new routes in the angular app use "[33mnpm run scully -- --scanRoutes[39m"
---------------------------------- The router plugin "[33mcontentFolder[39m has thrown the below error,
              while trying to render route "[33munknown[39m"
              Scully will exitYAMLException: can not read a block mapping entry; a multiline key may not be an implicit key at line 5, column 5:
    date: 10/01/2020
        ^



----------------------------------
Using stored unhandled routes!.
   To discover new routes in the angular app use "[33mnpm run scully -- --scanRoutes[39m"
---------------------------------- The router plugin "[33mcontentFolder[39m has thrown the below error,
              while trying to render route "[33munknown[39m"
              Scully will exitYAMLException: can not read a block mapping entry; a multiline key may not be an implicit key at line 5, column 5:
    date: 10-01-2020
        ^



----------------------------------
Using stored unhandled routes!.
   To discover new routes in the angular app use "[33mnpm run scully -- --scanRoutes[39m"
---------------------------------- The router plugin "[33mcontentFolder[39m has thrown the below error,
              while trying to render route "[33munknown[39m"
              Scully will exitYAMLException: can not read a block mapping entry; a multiline key may not be an implicit key at line 5, column 5:
    date: 10-01-2020
        ^



----------------------------------
Using stored unhandled routes!.
   To discover new routes in the angular app use "[33mnpm run scully -- --scanRoutes[39m"
----------------------------------

----------------------------------
Using stored unhandled routes!.
   To discover new routes in the angular app use "[33mnpm run scully -- --scanRoutes[39m"
----------------------------------

----------------------------------
Using stored unhandled routes!.
   To discover new routes in the angular app use "[33mnpm run scully -- --scanRoutes[39m"
----------------------------------

----------------------------------
Using stored unhandled routes!.
   To discover new routes in the angular app use "[33mnpm run scully -- --scanRoutes[39m"
----------------------------------

----------------------------------
Using stored unhandled routes!.
   To discover new routes in the angular app use "[33mnpm run scully -- --scanRoutes[39m"
----------------------------------
No configuration for route "[33m/blog/:slug[39m" found. Skipping
No configuration for route "[33m/blog/:slug[39m" found. Skipping
No configuration for route "[33m/blog/:slug[39m" found. Skipping

----------------------------------
Using stored unhandled routes!.
   To discover new routes in the angular app use "[33mnpm run scully -- --scanRoutes[39m"
----------------------------------No configuration for route "[33m/blog/:slug[39m" found. Skipping


----------------------------------
Using stored unhandled routes!.
   To discover new routes in the angular app use "[33mnpm run scully -- --scanRoutes[39m"
----------------------------------No configuration for route "[33m/blog/:slug[39m" found. Skipping


----------------------------------
Using stored unhandled routes!.
   To discover new routes in the angular app use "[33mnpm run scully -- --scanRoutes[39m"
----------------------------------No configuration for route "[33m/blog/:slug[39m" found. Skipping

No configuration for route "[33m/blog/:slug[39m" found. Skipping

----------------------------------
Using stored unhandled routes!.
   To discover new routes in the angular app use "[33mnpm run scully -- --scanRoutes[39m"
----------------------------------No configuration for route "[33m/blog/:postId[39m" found. SkippingNo configuration for route "[33m/blog/:slug[39m" found. Skipping


No configuration for route "[33m/blog/:postId[39m" found. SkippingNo configuration for route "[33m/blog/:slug[39m" found. Skipping

No configuration for route "[33m/blog/:slug[39m" found. Skipping

----------------------------------
Using stored unhandled routes!.
   To discover new routes in the angular app use "[33mnpm run scully -- --scanRoutes[39m"
----------------------------------No configuration for route "[33m/blog/:slug[39m" found. Skipping


----------------------------------
Using stored unhandled routes!.
   To discover new routes in the angular app use "[33mnpm run scully -- --scanRoutes[39m"
----------------------------------No configuration for route "[33m/blog/:slug[39m" found. Skipping


----------------------------------
Using stored unhandled routes!.
   To discover new routes in the angular app use "[33mnpm run scully -- --scanRoutes[39m"
----------------------------------No configuration for route "[33m/blog/:slug[39m" found. Skipping


----------------------------------
Using stored unhandled routes!.
   To discover new routes in the angular app use "[33mnpm run scully -- --scanRoutes[39m"
----------------------------------No configuration for route "[33m/blog/:slug[39m" found. Skipping

No configuration for route "[33m/blog/:slug[39m" found. SkippingNo configuration for route "[33m/bake/:title[39m" found. Skipping


----------------------------------
Using stored unhandled routes!.
   To discover new routes in the angular app use "[33mnpm run scully -- --scanRoutes[39m"
----------------------------------No configuration for route "[33m/blog/:slug[39m" found. SkippingNo configuration for route "[33m/bake/:title[39m" found. Skippingrunning in watch-mode, routefile in source assets will not be updated



running in watch-mode, routefile in source assets will not be updated
****************************************************************************************
This is a development tool for Scully applications.
You can ignore the warning (TLS) or run scully with --no-warning
****************************************************************************************No configuration for route "[33m/blog/:slug[39m" found. SkippingNo configuration for route "[33m/bake/:title[39m" found. Skipping

No configuration for route "[33m/blog/:slug[39m" found. SkippingNo configuration for route "[33m/bake/:title[39m" found. Skipping


----------------------------------
Using stored unhandled routes!.
   To discover new routes in the angular app use "[33mnpm run scully -- --scanRoutes[39m"
----------------------------------No configuration for route "[33m/blog/:slug[39m" found. SkippingNo configuration for route "[33m/bake/:title[39m" found. Skipping


No configuration for route "[33m/blog/:slug[39m" found. Skipping

      ----------------
      Error, missing "[33m<scully-content>[39m" in route "[33m/bake/___UNPUBLISHED___kg9lpdbc_exSJccDkd5ezZZn8UHXWjB4J7A9zSNt1[39m"
      without <scully-content> we can not render this route.
      Make sure it is in there, and not inside any conditionals (*ngIf)
      You can check this by opening "[33mhttp://localhost:4200/bake/___UNPUBLISHED___kg9lpdbc_exSJccDkd5ezZZn8UHXWjB4J7A9zSNt1[39m"
      when you serve your app with [33mng serve[39m and then in the browsers console run:
      [33mdocument.querySelector('scully-content')[39m
      ----------------
      

      ----------------
      Error, missing "[33m<scully-content>[39m" in route "[33m/bake/sakura-pastries[39m"
      without <scully-content> we can not render this route.
      Make sure it is in there, and not inside any conditionals (*ngIf)
      You can check this by opening "[33mhttp://localhost:4200/bake/sakura-pastries[39m"
      when you serve your app with [33mng serve[39m and then in the browsers console run:
      [33mdocument.querySelector('scully-content')[39m
      ----------------
      
No configuration for route "[33m/blog/:slug[39m" found. Skipping

      ----------------
      Error, missing "[33m<scully-content>[39m" in route "[33m/bake/butter-cookies[39m"
      without <scully-content> we can not render this route.
      Make sure it is in there, and not inside any conditionals (*ngIf)
      You can check this by opening "[33mhttp://localhost:4200/bake/butter-cookies[39m"
      when you serve your app with [33mng serve[39m and then in the browsers console run:
      [33mdocument.querySelector('scully-content')[39m
      ----------------
      

      ----------------
      Error, missing "[33m<scully-content>[39m" in route "[33m/bake/cranberry-cookie[39m"
      without <scully-content> we can not render this route.
      Make sure it is in there, and not inside any conditionals (*ngIf)
      You can check this by opening "[33mhttp://localhost:4200/bake/cranberry-cookie[39m"
      when you serve your app with [33mng serve[39m and then in the browsers console run:
      [33mdocument.querySelector('scully-content')[39m
      ----------------
      

      ----------------
      Error, missing "[33m<scully-content>[39m" in route "[33m/bake/japanese-double-formage-cheesecake[39m"
      without <scully-content> we can not render this route.
      Make sure it is in there, and not inside any conditionals (*ngIf)
      You can check this by opening "[33mhttp://localhost:4200/bake/japanese-double-formage-cheesecake[39m"
      when you serve your app with [33mng serve[39m and then in the browsers console run:
      [33mdocument.querySelector('scully-content')[39m
      ----------------
      

      ----------------
      Error, missing "[33m<scully-content>[39m" in route "[33m/bake/mango-milky-jelly[39m"
      without <scully-content> we can not render this route.
      Make sure it is in there, and not inside any conditionals (*ngIf)
      You can check this by opening "[33mhttp://localhost:4200/bake/mango-milky-jelly[39m"
      when you serve your app with [33mng serve[39m and then in the browsers console run:
      [33mdocument.querySelector('scully-content')[39m
      ----------------
      

      ----------------
      Error, missing "[33m<scully-content>[39m" in route "[33m/bake/matcha-berry-crepecake[39m"
      without <scully-content> we can not render this route.
      Make sure it is in there, and not inside any conditionals (*ngIf)
      You can check this by opening "[33mhttp://localhost:4200/bake/matcha-berry-crepecake[39m"
      when you serve your app with [33mng serve[39m and then in the browsers console run:
      [33mdocument.querySelector('scully-content')[39m
      ----------------
      

      ----------------
      Error, missing "[33m<scully-content>[39m" in route "[33m/bake/sakura-pastries[39m"
      without <scully-content> we can not render this route.
      Make sure it is in there, and not inside any conditionals (*ngIf)
      You can check this by opening "[33mhttp://localhost:4200/bake/sakura-pastries[39m"
      when you serve your app with [33mng serve[39m and then in the browsers console run:
      [33mdocument.querySelector('scully-content')[39m
      ----------------
      

      ----------------
      Error, missing "[33m<scully-content>[39m" in route "[33m/bake/tiramisu[39m"
      without <scully-content> we can not render this route.
      Make sure it is in there, and not inside any conditionals (*ngIf)
      You can check this by opening "[33mhttp://localhost:4200/bake/tiramisu[39m"
      when you serve your app with [33mng serve[39m and then in the browsers console run:
      [33mdocument.querySelector('scully-content')[39m
      ----------------
      

      ----------------
      Error, missing "[33m<scully-content>[39m" in route "[33m/bake/soymilk-custard-cake[39m"
      without <scully-content> we can not render this route.
      Make sure it is in there, and not inside any conditionals (*ngIf)
      You can check this by opening "[33mhttp://localhost:4200/bake/soymilk-custard-cake[39m"
      when you serve your app with [33mng serve[39m and then in the browsers console run:
      [33mdocument.querySelector('scully-content')[39m
      ----------------
      
No configuration for route "[33m/blog/:slug[39m" found. Skipping

      ----------------
      Error, missing "[33m<scully-content>[39m" in route "[33m/bake/butter-cookies[39m"
      without <scully-content> we can not render this route.
      Make sure it is in there, and not inside any conditionals (*ngIf)
      You can check this by opening "[33mhttp://localhost:4200/bake/butter-cookies[39m"
      when you serve your app with [33mng serve[39m and then in the browsers console run:
      [33mdocument.querySelector('scully-content')[39m
      ----------------
      

      ----------------
      Error, missing "[33m<scully-content>[39m" in route "[33m/bake/cranberry-cookie[39m"
      without <scully-content> we can not render this route.
      Make sure it is in there, and not inside any conditionals (*ngIf)
      You can check this by opening "[33mhttp://localhost:4200/bake/cranberry-cookie[39m"
      when you serve your app with [33mng serve[39m and then in the browsers console run:
      [33mdocument.querySelector('scully-content')[39m
      ----------------
      

      ----------------
      Error, missing "[33m<scully-content>[39m" in route "[33m/bake/japanese-double-formage-cheesecake[39m"
      without <scully-content> we can not render this route.
      Make sure it is in there, and not inside any conditionals (*ngIf)
      You can check this by opening "[33mhttp://localhost:4200/bake/japanese-double-formage-cheesecake[39m"
      when you serve your app with [33mng serve[39m and then in the browsers console run:
      [33mdocument.querySelector('scully-content')[39m
      ----------------
      

      ----------------
      Error, missing "[33m<scully-content>[39m" in route "[33m/bake/mango-milky-jelly[39m"
      without <scully-content> we can not render this route.
      Make sure it is in there, and not inside any conditionals (*ngIf)
      You can check this by opening "[33mhttp://localhost:4200/bake/mango-milky-jelly[39m"
      when you serve your app with [33mng serve[39m and then in the browsers console run:
      [33mdocument.querySelector('scully-content')[39m
      ----------------
      

      ----------------
      Error, missing "[33m<scully-content>[39m" in route "[33m/bake/matcha-berry-crepecake[39m"
      without <scully-content> we can not render this route.
      Make sure it is in there, and not inside any conditionals (*ngIf)
      You can check this by opening "[33mhttp://localhost:4200/bake/matcha-berry-crepecake[39m"
      when you serve your app with [33mng serve[39m and then in the browsers console run:
      [33mdocument.querySelector('scully-content')[39m
      ----------------
      

      ----------------
      Error, missing "[33m<scully-content>[39m" in route "[33m/bake/sakura-pastries[39m"
      without <scully-content> we can not render this route.
      Make sure it is in there, and not inside any conditionals (*ngIf)
      You can check this by opening "[33mhttp://localhost:4200/bake/sakura-pastries[39m"
      when you serve your app with [33mng serve[39m and then in the browsers console run:
      [33mdocument.querySelector('scully-content')[39m
      ----------------
      

      ----------------
      Error, missing "[33m<scully-content>[39m" in route "[33m/bake/soymilk-custard-cake[39m"
      without <scully-content> we can not render this route.
      Make sure it is in there, and not inside any conditionals (*ngIf)
      You can check this by opening "[33mhttp://localhost:4200/bake/soymilk-custard-cake[39m"
      when you serve your app with [33mng serve[39m and then in the browsers console run:
      [33mdocument.querySelector('scully-content')[39m
      ----------------
      

      ----------------
      Error, missing "[33m<scully-content>[39m" in route "[33m/bake/tiramisu[39m"
      without <scully-content> we can not render this route.
      Make sure it is in there, and not inside any conditionals (*ngIf)
      You can check this by opening "[33mhttp://localhost:4200/bake/tiramisu[39m"
      when you serve your app with [33mng serve[39m and then in the browsers console run:
      [33mdocument.querySelector('scully-content')[39m
      ----------------
      
No configuration for route "[33m/blog/:slug[39m" found. Skipping

      ----------------
      Error, missing "[33m<scully-content>[39m" in route "[33m/bake/butter-cookies[39m"
      without <scully-content> we can not render this route.
      Make sure it is in there, and not inside any conditionals (*ngIf)
      You can check this by opening "[33mhttp://localhost:4200/bake/butter-cookies[39m"
      when you serve your app with [33mng serve[39m and then in the browsers console run:
      [33mdocument.querySelector('scully-content')[39m
      ----------------
      

      ----------------
      Error, missing "[33m<scully-content>[39m" in route "[33m/bake/cranberry-cookie[39m"
      without <scully-content> we can not render this route.
      Make sure it is in there, and not inside any conditionals (*ngIf)
      You can check this by opening "[33mhttp://localhost:4200/bake/cranberry-cookie[39m"
      when you serve your app with [33mng serve[39m and then in the browsers console run:
      [33mdocument.querySelector('scully-content')[39m
      ----------------
      

      ----------------
      Error, missing "[33m<scully-content>[39m" in route "[33m/bake/japanese-double-formage-cheesecake[39m"
      without <scully-content> we can not render this route.
      Make sure it is in there, and not inside any conditionals (*ngIf)
      You can check this by opening "[33mhttp://localhost:4200/bake/japanese-double-formage-cheesecake[39m"
      when you serve your app with [33mng serve[39m and then in the browsers console run:
      [33mdocument.querySelector('scully-content')[39m
      ----------------
      

      ----------------
      Error, missing "[33m<scully-content>[39m" in route "[33m/bake/mango-milky-jelly[39m"
      without <scully-content> we can not render this route.
      Make sure it is in there, and not inside any conditionals (*ngIf)
      You can check this by opening "[33mhttp://localhost:4200/bake/mango-milky-jelly[39m"
      when you serve your app with [33mng serve[39m and then in the browsers console run:
      [33mdocument.querySelector('scully-content')[39m
      ----------------
      

      ----------------
      Error, missing "[33m<scully-content>[39m" in route "[33m/bake/matcha-berry-crepecake[39m"
      without <scully-content> we can not render this route.
      Make sure it is in there, and not inside any conditionals (*ngIf)
      You can check this by opening "[33mhttp://localhost:4200/bake/matcha-berry-crepecake[39m"
      when you serve your app with [33mng serve[39m and then in the browsers console run:
      [33mdocument.querySelector('scully-content')[39m
      ----------------
      

      ----------------
      Error, missing "[33m<scully-content>[39m" in route "[33m/bake/sakura-pastries[39m"
      without <scully-content> we can not render this route.
      Make sure it is in there, and not inside any conditionals (*ngIf)
      You can check this by opening "[33mhttp://localhost:4200/bake/sakura-pastries[39m"
      when you serve your app with [33mng serve[39m and then in the browsers console run:
      [33mdocument.querySelector('scully-content')[39m
      ----------------
      

      ----------------
      Error, missing "[33m<scully-content>[39m" in route "[33m/bake/soymilk-custard-cake[39m"
      without <scully-content> we can not render this route.
      Make sure it is in there, and not inside any conditionals (*ngIf)
      You can check this by opening "[33mhttp://localhost:4200/bake/soymilk-custard-cake[39m"
      when you serve your app with [33mng serve[39m and then in the browsers console run:
      [33mdocument.querySelector('scully-content')[39m
      ----------------
      

      ----------------
      Error, missing "[33m<scully-content>[39m" in route "[33m/bake/tiramisu[39m"
      without <scully-content> we can not render this route.
      Make sure it is in there, and not inside any conditionals (*ngIf)
      You can check this by opening "[33mhttp://localhost:4200/bake/tiramisu[39m"
      when you serve your app with [33mng serve[39m and then in the browsers console run:
      [33mdocument.querySelector('scully-content')[39m
      ----------------
      
No configuration for route "[33m/blog/:slug[39m" found. Skipping

      ----------------
      Error, missing "[33m<scully-content>[39m" in route "[33m/bake/butter-cookies[39m"
      without <scully-content> we can not render this route.
      Make sure it is in there, and not inside any conditionals (*ngIf)
      You can check this by opening "[33mhttp://localhost:4200/bake/butter-cookies[39m"
      when you serve your app with [33mng serve[39m and then in the browsers console run:
      [33mdocument.querySelector('scully-content')[39m
      ----------------
      

      ----------------
      Error, missing "[33m<scully-content>[39m" in route "[33m/bake/cranberry-cookie[39m"
      without <scully-content> we can not render this route.
      Make sure it is in there, and not inside any conditionals (*ngIf)
      You can check this by opening "[33mhttp://localhost:4200/bake/cranberry-cookie[39m"
      when you serve your app with [33mng serve[39m and then in the browsers console run:
      [33mdocument.querySelector('scully-content')[39m
      ----------------
      

      ----------------
      Error, missing "[33m<scully-content>[39m" in route "[33m/bake/japanese-double-formage-cheesecake[39m"
      without <scully-content> we can not render this route.
      Make sure it is in there, and not inside any conditionals (*ngIf)
      You can check this by opening "[33mhttp://localhost:4200/bake/japanese-double-formage-cheesecake[39m"
      when you serve your app with [33mng serve[39m and then in the browsers console run:
      [33mdocument.querySelector('scully-content')[39m
      ----------------
      

      ----------------
      Error, missing "[33m<scully-content>[39m" in route "[33m/bake/mango-milky-jelly[39m"
      without <scully-content> we can not render this route.
      Make sure it is in there, and not inside any conditionals (*ngIf)
      You can check this by opening "[33mhttp://localhost:4200/bake/mango-milky-jelly[39m"
      when you serve your app with [33mng serve[39m and then in the browsers console run:
      [33mdocument.querySelector('scully-content')[39m
      ----------------
      

      ----------------
      Error, missing "[33m<scully-content>[39m" in route "[33m/bake/matcha-berry-crepecake[39m"
      without <scully-content> we can not render this route.
      Make sure it is in there, and not inside any conditionals (*ngIf)
      You can check this by opening "[33mhttp://localhost:4200/bake/matcha-berry-crepecake[39m"
      when you serve your app with [33mng serve[39m and then in the browsers console run:
      [33mdocument.querySelector('scully-content')[39m
      ----------------
      

      ----------------
      Error, missing "[33m<scully-content>[39m" in route "[33m/bake/sakura-pastries[39m"
      without <scully-content> we can not render this route.
      Make sure it is in there, and not inside any conditionals (*ngIf)
      You can check this by opening "[33mhttp://localhost:4200/bake/sakura-pastries[39m"
      when you serve your app with [33mng serve[39m and then in the browsers console run:
      [33mdocument.querySelector('scully-content')[39m
      ----------------
      

      ----------------
      Error, missing "[33m<scully-content>[39m" in route "[33m/bake/soymilk-custard-cake[39m"
      without <scully-content> we can not render this route.
      Make sure it is in there, and not inside any conditionals (*ngIf)
      You can check this by opening "[33mhttp://localhost:4200/bake/soymilk-custard-cake[39m"
      when you serve your app with [33mng serve[39m and then in the browsers console run:
      [33mdocument.querySelector('scully-content')[39m
      ----------------
      

      ----------------
      Error, missing "[33m<scully-content>[39m" in route "[33m/bake/tiramisu[39m"
      without <scully-content> we can not render this route.
      Make sure it is in there, and not inside any conditionals (*ngIf)
      You can check this by opening "[33mhttp://localhost:4200/bake/tiramisu[39m"
      when you serve your app with [33mng serve[39m and then in the browsers console run:
      [33mdocument.querySelector('scully-content')[39m
      ----------------
      
No configuration for route "[33m/blog/:slug[39m" found. Skipping

      ----------------
      Error, missing "[33m<scully-content>[39m" in route "[33m/bake/butter-cookies[39m"
      without <scully-content> we can not render this route.
      Make sure it is in there, and not inside any conditionals (*ngIf)
      You can check this by opening "[33mhttp://localhost:4200/bake/butter-cookies[39m"
      when you serve your app with [33mng serve[39m and then in the browsers console run:
      [33mdocument.querySelector('scully-content')[39m
      ----------------
      

      ----------------
      Error, missing "[33m<scully-content>[39m" in route "[33m/bake/cranberry-cookie[39m"
      without <scully-content> we can not render this route.
      Make sure it is in there, and not inside any conditionals (*ngIf)
      You can check this by opening "[33mhttp://localhost:4200/bake/cranberry-cookie[39m"
      when you serve your app with [33mng serve[39m and then in the browsers console run:
      [33mdocument.querySelector('scully-content')[39m
      ----------------
      

      ----------------
      Error, missing "[33m<scully-content>[39m" in route "[33m/bake/japanese-double-formage-cheesecake[39m"
      without <scully-content> we can not render this route.
      Make sure it is in there, and not inside any conditionals (*ngIf)
      You can check this by opening "[33mhttp://localhost:4200/bake/japanese-double-formage-cheesecake[39m"
      when you serve your app with [33mng serve[39m and then in the browsers console run:
      [33mdocument.querySelector('scully-content')[39m
      ----------------
      

      ----------------
      Error, missing "[33m<scully-content>[39m" in route "[33m/bake/mango-milky-jelly[39m"
      without <scully-content> we can not render this route.
      Make sure it is in there, and not inside any conditionals (*ngIf)
      You can check this by opening "[33mhttp://localhost:4200/bake/mango-milky-jelly[39m"
      when you serve your app with [33mng serve[39m and then in the browsers console run:
      [33mdocument.querySelector('scully-content')[39m
      ----------------
      

      ----------------
      Error, missing "[33m<scully-content>[39m" in route "[33m/bake/matcha-berry-crepecake[39m"
      without <scully-content> we can not render this route.
      Make sure it is in there, and not inside any conditionals (*ngIf)
      You can check this by opening "[33mhttp://localhost:4200/bake/matcha-berry-crepecake[39m"
      when you serve your app with [33mng serve[39m and then in the browsers console run:
      [33mdocument.querySelector('scully-content')[39m
      ----------------
      

      ----------------
      Error, missing "[33m<scully-content>[39m" in route "[33m/bake/sakura-pastries[39m"
      without <scully-content> we can not render this route.
      Make sure it is in there, and not inside any conditionals (*ngIf)
      You can check this by opening "[33mhttp://localhost:4200/bake/sakura-pastries[39m"
      when you serve your app with [33mng serve[39m and then in the browsers console run:
      [33mdocument.querySelector('scully-content')[39m
      ----------------
      

      ----------------
      Error, missing "[33m<scully-content>[39m" in route "[33m/bake/soymilk-custard-cake[39m"
      without <scully-content> we can not render this route.
      Make sure it is in there, and not inside any conditionals (*ngIf)
      You can check this by opening "[33mhttp://localhost:4200/bake/soymilk-custard-cake[39m"
      when you serve your app with [33mng serve[39m and then in the browsers console run:
      [33mdocument.querySelector('scully-content')[39m
      ----------------
      

      ----------------
      Error, missing "[33m<scully-content>[39m" in route "[33m/bake/tiramisu[39m"
      without <scully-content> we can not render this route.
      Make sure it is in there, and not inside any conditionals (*ngIf)
      You can check this by opening "[33mhttp://localhost:4200/bake/tiramisu[39m"
      when you serve your app with [33mng serve[39m and then in the browsers console run:
      [33mdocument.querySelector('scully-content')[39m
      ----------------
      
No configuration for route "[33m/blog/:slug[39m" found. Skipping

      ----------------
      Error, missing "[33m<scully-content>[39m" in route "[33m/bake/butter-cookies[39m"
      without <scully-content> we can not render this route.
      Make sure it is in there, and not inside any conditionals (*ngIf)
      You can check this by opening "[33mhttp://localhost:4200/bake/butter-cookies[39m"
      when you serve your app with [33mng serve[39m and then in the browsers console run:
      [33mdocument.querySelector('scully-content')[39m
      ----------------
      

      ----------------
      Error, missing "[33m<scully-content>[39m" in route "[33m/bake/cranberry-cookie[39m"
      without <scully-content> we can not render this route.
      Make sure it is in there, and not inside any conditionals (*ngIf)
      You can check this by opening "[33mhttp://localhost:4200/bake/cranberry-cookie[39m"
      when you serve your app with [33mng serve[39m and then in the browsers console run:
      [33mdocument.querySelector('scully-content')[39m
      ----------------
      

      ----------------
      Error, missing "[33m<scully-content>[39m" in route "[33m/bake/japanese-double-formage-cheesecake[39m"
      without <scully-content> we can not render this route.
      Make sure it is in there, and not inside any conditionals (*ngIf)
      You can check this by opening "[33mhttp://localhost:4200/bake/japanese-double-formage-cheesecake[39m"
      when you serve your app with [33mng serve[39m and then in the browsers console run:
      [33mdocument.querySelector('scully-content')[39m
      ----------------
      

      ----------------
      Error, missing "[33m<scully-content>[39m" in route "[33m/bake/mango-milky-jelly[39m"
      without <scully-content> we can not render this route.
      Make sure it is in there, and not inside any conditionals (*ngIf)
      You can check this by opening "[33mhttp://localhost:4200/bake/mango-milky-jelly[39m"
      when you serve your app with [33mng serve[39m and then in the browsers console run:
      [33mdocument.querySelector('scully-content')[39m
      ----------------
      

      ----------------
      Error, missing "[33m<scully-content>[39m" in route "[33m/bake/matcha-berry-crepecake[39m"
      without <scully-content> we can not render this route.
      Make sure it is in there, and not inside any conditionals (*ngIf)
      You can check this by opening "[33mhttp://localhost:4200/bake/matcha-berry-crepecake[39m"
      when you serve your app with [33mng serve[39m and then in the browsers console run:
      [33mdocument.querySelector('scully-content')[39m
      ----------------
      

      ----------------
      Error, missing "[33m<scully-content>[39m" in route "[33m/bake/sakura-pastries[39m"
      without <scully-content> we can not render this route.
      Make sure it is in there, and not inside any conditionals (*ngIf)
      You can check this by opening "[33mhttp://localhost:4200/bake/sakura-pastries[39m"
      when you serve your app with [33mng serve[39m and then in the browsers console run:
      [33mdocument.querySelector('scully-content')[39m
      ----------------
      

      ----------------
      Error, missing "[33m<scully-content>[39m" in route "[33m/bake/soymilk-custard-cake[39m"
      without <scully-content> we can not render this route.
      Make sure it is in there, and not inside any conditionals (*ngIf)
      You can check this by opening "[33mhttp://localhost:4200/bake/soymilk-custard-cake[39m"
      when you serve your app with [33mng serve[39m and then in the browsers console run:
      [33mdocument.querySelector('scully-content')[39m
      ----------------
      

      ----------------
      Error, missing "[33m<scully-content>[39m" in route "[33m/bake/tiramisu[39m"
      without <scully-content> we can not render this route.
      Make sure it is in there, and not inside any conditionals (*ngIf)
      You can check this by opening "[33mhttp://localhost:4200/bake/tiramisu[39m"
      when you serve your app with [33mng serve[39m and then in the browsers console run:
      [33mdocument.querySelector('scully-content')[39m
      ----------------
      

----------------------------------
Using stored unhandled routes!.
   To discover new routes in the angular app use "[33mnpm run scully -- --scanRoutes[39m"
----------------------------------No configuration for route "[33m/blog/:slug[39m" found. Skipping


      ----------------
      Error, missing "[33m<scully-content>[39m" in route "[33m/bake/butter-cookies[39m"
      without <scully-content> we can not render this route.
      Make sure it is in there, and not inside any conditionals (*ngIf)
      You can check this by opening "[33mhttp://localhost:4200/bake/butter-cookies[39m"
      when you serve your app with [33mng serve[39m and then in the browsers console run:
      [33mdocument.querySelector('scully-content')[39m
      ----------------
      

      ----------------
      Error, missing "[33m<scully-content>[39m" in route "[33m/bake/cranberry-cookie[39m"
      without <scully-content> we can not render this route.
      Make sure it is in there, and not inside any conditionals (*ngIf)
      You can check this by opening "[33mhttp://localhost:4200/bake/cranberry-cookie[39m"
      when you serve your app with [33mng serve[39m and then in the browsers console run:
      [33mdocument.querySelector('scully-content')[39m
      ----------------
      

      ----------------
      Error, missing "[33m<scully-content>[39m" in route "[33m/bake/japanese-double-formage-cheesecake[39m"
      without <scully-content> we can not render this route.
      Make sure it is in there, and not inside any conditionals (*ngIf)
      You can check this by opening "[33mhttp://localhost:4200/bake/japanese-double-formage-cheesecake[39m"
      when you serve your app with [33mng serve[39m and then in the browsers console run:
      [33mdocument.querySelector('scully-content')[39m
      ----------------
      

      ----------------
      Error, missing "[33m<scully-content>[39m" in route "[33m/bake/matcha-berry-crepecake[39m"
      without <scully-content> we can not render this route.
      Make sure it is in there, and not inside any conditionals (*ngIf)
      You can check this by opening "[33mhttp://localhost:4200/bake/matcha-berry-crepecake[39m"
      when you serve your app with [33mng serve[39m and then in the browsers console run:
      [33mdocument.querySelector('scully-content')[39m
      ----------------
      

      ----------------
      Error, missing "[33m<scully-content>[39m" in route "[33m/bake/mango-milky-jelly[39m"
      without <scully-content> we can not render this route.
      Make sure it is in there, and not inside any conditionals (*ngIf)
      You can check this by opening "[33mhttp://localhost:4200/bake/mango-milky-jelly[39m"
      when you serve your app with [33mng serve[39m and then in the browsers console run:
      [33mdocument.querySelector('scully-content')[39m
      ----------------
      

      ----------------
      Error, missing "[33m<scully-content>[39m" in route "[33m/bake/sakura-pastries[39m"
      without <scully-content> we can not render this route.
      Make sure it is in there, and not inside any conditionals (*ngIf)
      You can check this by opening "[33mhttp://localhost:4200/bake/sakura-pastries[39m"
      when you serve your app with [33mng serve[39m and then in the browsers console run:
      [33mdocument.querySelector('scully-content')[39m
      ----------------
      

      ----------------
      Error, missing "[33m<scully-content>[39m" in route "[33m/bake/soymilk-custard-cake[39m"
      without <scully-content> we can not render this route.
      Make sure it is in there, and not inside any conditionals (*ngIf)
      You can check this by opening "[33mhttp://localhost:4200/bake/soymilk-custard-cake[39m"
      when you serve your app with [33mng serve[39m and then in the browsers console run:
      [33mdocument.querySelector('scully-content')[39m
      ----------------
      

      ----------------
      Error, missing "[33m<scully-content>[39m" in route "[33m/bake/tiramisu[39m"
      without <scully-content> we can not render this route.
      Make sure it is in there, and not inside any conditionals (*ngIf)
      You can check this by opening "[33mhttp://localhost:4200/bake/tiramisu[39m"
      when you serve your app with [33mng serve[39m and then in the browsers console run:
      [33mdocument.querySelector('scully-content')[39m
      ----------------
      
No configuration for route "[33m/blog/:slug[39m" found. Skipping
No configuration for route "[33m/blog/:slug[39m" found. Skipping
No configuration for route "[33m/blog/:slug[39m" found. Skipping
No configuration for route "[33m/blog/:slug[39m" found. Skipping
No configuration for route "[33m/blog/:slug[39m" found. Skipping
No configuration for route "[33m/blog/:slug[39m" found. Skipping

----------------------------------
Using stored unhandled routes!.
   To discover new routes in the angular app use "[33mnpm run scully -- --scanRoutes[39m"
----------------------------------No configuration for route "[33m/blog/:slug[39m" found. Skipping


----------------------------------
Using stored unhandled routes!.
   To discover new routes in the angular app use "[33mnpm run scully -- --scanRoutes[39m"
----------------------------------No configuration for route "[33m/blog/:slug[39m" found. Skipping

 The ___Scully_system_plugins_Alter_at_own_RISK___ plugin "[33mpuppeteerRender[39m has thrown the below error,
              while trying to render route "[33munknown[39m"
              Scully will exitError: Protocol error: Connection closed. Most likely the page has been closed.

